<?xml version="1.0" encoding="UTF-8"?>
<!-- Generated by org.testng.reporters.JUnitReportReporter -->
<testsuite hostname="LEM20223.local" failures="0" tests="1" name="test2" time="7.136" errors="0" timestamp="2022-12-27T14:10:23 IST" skipped="0">
  <testcase classname="test2" name="add" time="7.136"/>
  <system-out/>
</testsuite> <!-- test2 -->
